<?xml version="1.0" encoding="UTF-8"?>
<!-- Generated by org.testng.reporters.JUnitReportReporter -->
<testsuite skipped="0" hostname="DESKTOP-O3HFSDB" name="qaclickacademy.MavenJava.APITest" tests="2" failures="0" timestamp="2021-11-10T00:03:59 IST" time="0.015" errors="0">
  <testcase name="postjira" time="0.001" classname="qaclickacademy.MavenJava.APITest"/>
  <system-out/>
  <testcase name="deletTwitter" time="0.014" classname="qaclickacademy.MavenJava.APITest"/>
  <system-out/>
</testsuite> <!-- qaclickacademy.MavenJava.APITest -->
