<?xml version="1.0" encoding="UTF-8"?>
<!-- Generated by org.testng.reporters.JUnitReportReporter -->
<testsuite skipped="0" hostname="DESKTOP-O3HFSDB" name="qaclickacademy.MavenJava.SeleniumTest" tests="2" failures="0" timestamp="2021-11-10T00:03:59 IST" time="0.002" errors="0">
  <testcase name="elementUI" time="0.000" classname="qaclickacademy.MavenJava.SeleniumTest"/>
  <system-out/>
  <testcase name="BrowserAutomation" time="0.002" classname="qaclickacademy.MavenJava.SeleniumTest"/>
  <system-out/>
</testsuite> <!-- qaclickacademy.MavenJava.SeleniumTest -->
