<?xml version="1.0" encoding="UTF-8"?>
<!-- Generated by org.testng.reporters.JUnitReportReporter -->
<testsuite skipped="0" hostname="DESKTOP-O3HFSDB" name="qaclickacademy.MavenJava.AppiumTest" tests="2" failures="0" timestamp="2021-11-10T00:03:59 IST" time="0.001" errors="0">
  <testcase name="IOSApp" time="0.000" classname="qaclickacademy.MavenJava.AppiumTest"/>
  <system-out/>
  <testcase name="NativeAppAndroid" time="0.001" classname="qaclickacademy.MavenJava.AppiumTest"/>
  <system-out/>
</testsuite> <!-- qaclickacademy.MavenJava.AppiumTest -->
