<?xml version="1.0" encoding="UTF-8"?>
<!-- Generated by org.testng.reporters.JUnitReportReporter -->
<testsuite skipped="0" hostname="DESKTOP-O3HFSDB" name="qaclickacademy.MavenJava.AppTest" tests="1" failures="0" timestamp="2021-11-10T00:03:59 IST" time="0.017" errors="0">
  <testcase name="shouldAnswerWithTrue" time="0.017" classname="qaclickacademy.MavenJava.AppTest"/>
  <system-out/>
</testsuite> <!-- qaclickacademy.MavenJava.AppTest -->
